# JRE version: Java(TM) SE Runtime Environment (21.0.3+7) (build 21.0.3+7-LTS-152)
# Java VM: Java HotSpot(TM) 64-Bit Server VM (21.0.3+7-LTS-152, mixed mode, sharing, tiered, compressed oops, compressed class ptrs, g1 gc, linux-amd64)
GC Precious Log:
 CardTable entry size: 512
 Card Set container configuration: InlinePtr #cards 3 size 8 Array Of Cards #cards 128 size 272 Howl #buckets 8 coarsen threshold 29491 Howl Bitmap #cards 4096 size 528 coarsen threshold 3686 Card regions per heap region 1 cards per card region 32768
 CPUs: 112 total, 112 available
 Memory: 503G
 Large Page Support: Disabled
 NUMA Support: Disabled
 Compressed Oops: Enabled (Non-zero disjoint base)
 Heap Region Size: 16M
 Heap Min Capacity: 16M
 Heap Initial Capacity: 2G
 Heap Max Capacity: 30208M
 Pre-touch: Disabled
 Parallel Workers: 73
 Concurrent Workers: 18
 Concurrent Refinement Workers: 73
 Periodic GC: Disabled
Heap:
 garbage-first heap   total 2113536K, used 28870K [0x0000001001000000, 0x0000001761000000)
  region size 16384K, 3 young (49152K), 1 survivors (16384K)
 Metaspace       used 20775K, committed 21056K, reserved 1114112K
  class space    used 2306K, committed 2432K, reserved 1048576K
GC Heap History (8 events):
Event: 74.962 GC heap before
{Heap before GC invocations=0 (full 0):
 garbage-first heap   total 2113536K, used 99359K [0x0000001001000000, 0x0000001761000000)
  region size 16384K, 6 young (98304K), 0 survivors (0K)
 Metaspace       used 20411K, committed 20736K, reserved 1114112K
  class space    used 2304K, committed 2432K, reserved 1048576K
}
Event: 74.976 GC heap after
{Heap after GC invocations=1 (full 0):
 garbage-first heap   total 2113536K, used 12567K [0x0000001001000000, 0x0000001761000000)
  region size 16384K, 1 young (16384K), 1 survivors (16384K)
 Metaspace       used 20411K, committed 20736K, reserved 1114112K
  class space    used 2304K, committed 2432K, reserved 1048576K
}
Event: 159.907 GC heap before
{Heap before GC invocations=1 (full 0):
 garbage-first heap   total 2113536K, used 94487K [0x0000001001000000, 0x0000001761000000)
  region size 16384K, 6 young (98304K), 1 survivors (16384K)
 Metaspace       used 20575K, committed 20864K, reserved 1114112K
  class space    used 2304K, committed 2432K, reserved 1048576K
}
Event: 159.916 GC heap after
{Heap after GC invocations=2 (full 0):
 garbage-first heap   total 2113536K, used 12953K [0x0000001001000000, 0x0000001761000000)
  region size 16384K, 1 young (16384K), 1 survivors (16384K)
 Metaspace       used 20575K, committed 20864K, reserved 1114112K
  class space    used 2304K, committed 2432K, reserved 1048576K
}
Event: 264.531 GC heap before
{Heap before GC invocations=2 (full 0):
 garbage-first heap   total 2113536K, used 111257K [0x0000001001000000, 0x0000001761000000)
  region size 16384K, 7 young (114688K), 1 survivors (16384K)
 Metaspace       used 20663K, committed 20992K, reserved 1114112K
  class space    used 2305K, committed 2432K, reserved 1048576K
}
Event: 264.535 GC heap after
{Heap after GC invocations=3 (full 0):
 garbage-first heap   total 2113536K, used 13113K [0x0000001001000000, 0x0000001761000000)
  region size 16384K, 1 young (16384K), 1 survivors (16384K)
 Metaspace       used 20663K, committed 20992K, reserved 1114112K
  class space    used 2305K, committed 2432K, reserved 1048576K
}
Event: 456.911 GC heap before
{Heap before GC invocations=3 (full 0):
 garbage-first heap   total 2113536K, used 193337K [0x0000001001000000, 0x0000001761000000)
  region size 16384K, 12 young (196608K), 1 survivors (16384K)
 Metaspace       used 20756K, committed 21056K, reserved 1114112K
  class space    used 2305K, committed 2432K, reserved 1048576K
}
Event: 456.914 GC heap after
{Heap after GC invocations=4 (full 0):
 garbage-first heap   total 2113536K, used 12486K [0x0000001001000000, 0x0000001761000000)
  region size 16384K, 1 young (16384K), 1 survivors (16384K)
 Metaspace       used 20756K, committed 21056K, reserved 1114112K
  class space    used 2305K, committed 2432K, reserved 1048576K
}

